WARNING 2018-05-04 22:07:28,577 basehttp 1028 123145550958592 "GET /Api/?studyid=json&subjectID=a&sub=b HTTP/1.1" 401 38
WARNING 2018-05-04 22:26:37,386 base 1028 123145550958592 Not Found: /Abc
WARNING 2018-05-04 22:26:37,386 basehttp 1028 123145550958592 "GET /Abc HTTP/1.1" 404 2066
WARNING 2018-05-04 22:31:43,756 basehttp 1044 123145484824576 "GET /Api/?STudyid=json&subjectID=a&sub=b HTTP/1.1" 401 9661
WARNING 2018-05-04 22:31:44,142 base 1044 123145484824576 Not Found: /favicon.ico
WARNING 2018-05-04 22:31:44,144 basehttp 1044 123145484824576 "GET /favicon.ico HTTP/1.1" 404 2090
WARNING 2018-05-04 22:31:57,747 basehttp 1044 123145484824576 "GET /Api/ HTTP/1.1" 401 9458
WARNING 2018-05-04 22:36:48,072 basehttp 1086 123145451925504 "GET /Api/ HTTP/1.1" 401 9458
WARNING 2018-05-04 22:37:39,939 basehttp 1089 123145478963200 "GET /Api/ HTTP/1.1" 401 9458
WARNING 2018-05-04 22:37:42,451 basehttp 1089 123145484218368 "GET /Api/ HTTP/1.1" 401 9458
WARNING 2018-05-04 22:59:47,917 basehttp 1149 123145506840576 "GET /Api/ HTTP/1.1" 401 9557
WARNING 2018-05-04 22:59:58,424 basehttp 1149 123145506840576 "GET /Api/ HTTP/1.1" 401 9557
WARNING 2018-05-04 23:00:04,193 basehttp 1149 123145512095744 "GET / HTTP/1.1" 400 2062
WARNING 2018-05-04 23:00:50,346 basehttp 1152 123145461755904 "GET / HTTP/1.1" 400 2062
WARNING 2018-05-04 23:01:06,275 basehttp 1152 123145461755904 "GET / HTTP/1.1" 400 2062
WARNING 2018-05-04 23:01:12,294 basehttp 1152 123145467011072 "GET /Api/ HTTP/1.1" 401 9557
WARNING 2018-05-04 23:01:15,370 basehttp 1152 123145472266240 "GET / HTTP/1.1" 400 2062
WARNING 2018-05-04 23:01:52,082 basehttp 1155 123145570250752 "GET /docs/ HTTP/1.1" 400 2067
WARNING 2018-05-04 23:01:58,293 base 1155 123145564995584 Not Found: /api/docs/
WARNING 2018-05-04 23:01:58,294 basehttp 1155 123145564995584 "GET /api/docs/ HTTP/1.1" 404 2253
WARNING 2018-05-04 23:02:07,085 basehttp 1155 123145570250752 "GET /docs/ HTTP/1.1" 400 2067
WARNING 2018-05-04 23:04:07,150 basehttp 1158 123145454768128 "GET /docs/ HTTP/1.1" 400 2067
WARNING 2018-05-04 23:04:09,829 base 1158 123145454768128 Not Found: /accounts/login/
WARNING 2018-05-04 23:04:09,829 basehttp 1158 123145454768128 "GET /accounts/login/?next=/docs/ HTTP/1.1" 404 2221
WARNING 2018-05-04 23:04:17,544 basehttp 1158 123145454768128 "GET /docs/ HTTP/1.1" 400 2067
WARNING 2018-05-04 23:11:08,288 basehttp 1169 123145402400768 "GET /Api/ HTTP/1.1" 401 9458
WARNING 2018-05-04 23:11:21,800 basehttp 1169 123145402400768 "GET /Api/?format=json HTTP/1.1" 401 38
WARNING 2018-05-04 23:11:23,901 basehttp 1169 123145402400768 "GET /Api/ HTTP/1.1" 401 9458
WARNING 2018-05-04 23:11:25,677 basehttp 1169 123145407655936 "GET /Api/?format=api HTTP/1.1" 401 9502
WARNING 2018-05-04 23:20:43,343 basehttp 1188 123145423544320 "GET /Api/?format=api HTTP/1.1" 401 9502
WARNING 2018-05-04 23:20:46,304 basehttp 1188 123145423544320 "GET /Api/?format=api HTTP/1.1" 401 9502
WARNING 2018-05-04 23:31:18,711 basehttp 1207 123145493803008 "GET /Api/?format=api HTTP/1.1" 401 9502
WARNING 2018-05-04 23:31:54,370 basehttp 1210 123145527988224 "GET /Api/?format=api HTTP/1.1" 401 9502
WARNING 2018-05-04 23:32:25,417 basehttp 1213 123145521389568 "GET /Api/?format=api HTTP/1.1" 401 9502
WARNING 2018-05-04 23:33:14,753 basehttp 1216 123145413947392 "GET /Api/?format=api HTTP/1.1" 401 9502
WARNING 2018-05-05 00:04:58,731 basehttp 1242 123145431916544 "GET /Api/?format=api HTTP/1.1" 401 9502
WARNING 2018-05-05 00:05:52,155 basehttp 1245 123145376002048 "GET /Api/?format=api HTTP/1.1" 401 9502
WARNING 2018-05-05 00:06:20,221 basehttp 1245 123145376002048 "GET /Api/?format=api HTTP/1.1" 401 9502
WARNING 2018-05-05 00:07:47,724 basehttp 1251 123145436151808 "GET /Api/?format=api HTTP/1.1" 401 9502
WARNING 2018-05-05 01:34:43,511 basehttp 1257 123145552748544 "GET /Api/?STudyid=json HTTP/1.1" 428 70
WARNING 2018-05-05 01:37:54,330 basehttp 1257 123145552748544 "GET /Api/?STudyid=json HTTP/1.1" 428 70
WARNING 2018-05-05 01:38:06,093 basehttp 1257 123145552748544 "GET /Api/?STudyid=json HTTP/1.1" 401 38
WARNING 2018-05-05 01:52:00,199 basehttp 1257 123145552748544 "GET /Api/?studyid=json&subjectid=a&sub=b HTTP/1.1" 401 38
WARNING 2018-05-05 01:52:42,604 basehttp 1257 123145552748544 "GET /Api/?studyid=json HTTP/1.1" 401 38
WARNING 2018-05-05 01:52:44,489 basehttp 1257 123145552748544 "GET /Api/?studyid=json HTTP/1.1" 401 38
WARNING 2018-05-05 01:53:03,739 base 1257 123145552748544 Not Found: /om1/test1/
WARNING 2018-05-05 01:53:03,740 basehttp 1257 123145552748544 "GET /om1/test1/?studyid=i&subID=%E2%8D%AB HTTP/1.1" 404 2117
WARNING 2018-05-05 01:53:13,765 basehttp 1257 123145552748544 "GET /Api/?studyid=json&sub=a&sub=b HTTP/1.1" 428 70
WARNING 2018-05-05 04:55:16,471 basehttp 1257 123145552748544 "GET /Api/?studyid=1&sub=a&sub=b HTTP/1.1" 428 67
